<?xml version="1.0" encoding="UTF-8"?>
<!-- Generated by org.testng.reporters.JUnitReportReporter -->
<testsuite hostname="ideapad" failures="0" tests="1" name="com.flavient.AppTest" time="0.010" errors="0" timestamp="2024-09-21T11:49:17 IST" skipped="0">
  <testcase classname="com.flavient.AppTest" name="shouldAnswerWithTrue" time="0.010"/>
</testsuite> <!-- com.flavient.AppTest -->
